<?xml version="1.0" encoding="UTF-8"?>
<testsuite xmlns:xsi="http://www.w3.org/2001/XMLSchema-instance" xsi:noNamespaceSchemaLocation="https://maven.apache.org/surefire/maven-surefire-plugin/xsd/surefire-test-report-3.0.xsd" version="3.0" name="dk.lyngby.controller.impl.HotelControllerTest" time="24.519" tests="5" errors="0" skipped="0" failures="0">
  <properties>
[...]
</properties>
  <testcase name="create" classname="dk.lyngby.controller.impl.HotelControllerTest" time="2.131">
    <system-out><![CDATA[12:29:36,179 |-INFO in ch.qos.logback.classic.LoggerContext[default] - This is logback-classic version 1.4.7
12:29:36,230 |-INFO in ch.qos.logback.classic.LoggerContext[default] - Could NOT find resource [logback-test.xml]
12:29:36,238 |-INFO in ch.qos.logback.classic.LoggerContext[default] - Found resource [logback.xml] at [file:/C:/Frontend_projekt/3sem_frontend_eksamen/rest-security_jon-main/target/classes/logback.xml]
12:29:36,239 |-WARN in ch.qos.logback.classic.util.DefaultJoranConfigurator@1ae8bcbc - Resource [logback.xml] occurs multiple times on the classpath.
12:29:36,239 |-WARN in ch.qos.logback.classic.util.DefaultJoranConfigurator@1ae8bcbc - Resource [logback.xml] occurs at [jar:file:/C:/Users/natas/.m2/repository/io/javalin/javalin-bundle/5.6.1/javalin-bundle-5.6.1.jar!/logback.xml]
12:29:36,239 |-WARN in ch.qos.logback.classic.util.DefaultJoranConfigurator@1ae8bcbc - Resource [logback.xml] occurs at [file:/C:/Frontend_projekt/3sem_frontend_eksamen/rest-security_jon-main/target/classes/logback.xml]
12:29:36,510 |-INFO in ch.qos.logback.classic.model.processor.ConfigurationModelHandler - Registering a new ReconfigureOnChangeTask ReconfigureOnChangeTask(born:1703158176504)
12:29:36,511 |-INFO in ch.qos.logback.classic.model.processor.ConfigurationModelHandler - No 'scanPeriod' specified. Defaulting to 1 minutes
12:29:36,511 |-INFO in ch.qos.logback.classic.model.processor.ConfigurationModelHandler - Will scan for changes in [file:/C:/Frontend_projekt/3sem_frontend_eksamen/rest-security_jon-main/target/classes/logback.xml] 
12:29:36,511 |-INFO in ch.qos.logback.classic.model.processor.ConfigurationModelHandler - Setting ReconfigureOnChangeTask scanning period to 1 minutes
12:29:36,524 |-INFO in ch.qos.logback.core.model.processor.AppenderModelHandler - Processing appender named [CONSOLE]
12:29:36,524 |-INFO in ch.qos.logback.core.model.processor.AppenderModelHandler - About to instantiate appender of type [ch.qos.logback.core.ConsoleAppender]
12:29:36,539 |-INFO in ch.qos.logback.core.model.processor.ImplicitModelHandler - Assuming default type [ch.qos.logback.classic.encoder.PatternLayoutEncoder] for [encoder] property
12:29:36,601 |-INFO in ch.qos.logback.core.model.processor.AppenderModelHandler - Processing appender named [FILE]
12:29:36,601 |-INFO in ch.qos.logback.core.model.processor.AppenderModelHandler - About to instantiate appender of type [ch.qos.logback.core.rolling.RollingFileAppender]
12:29:36,608 |-INFO in ch.qos.logback.core.model.processor.ImplicitModelHandler - Assuming default type [ch.qos.logback.classic.encoder.PatternLayoutEncoder] for [encoder] property
12:29:36,614 |-INFO in c.q.l.core.rolling.TimeBasedRollingPolicy@1826334428 - setting totalSizeCap to 10 MB
12:29:36,617 |-INFO in c.q.l.core.rolling.TimeBasedRollingPolicy@1826334428 - Will use gz compression
12:29:36,618 |-INFO in c.q.l.core.rolling.TimeBasedRollingPolicy@1826334428 - Will use the pattern src/main/resources/logs/application.%d{yyyy-MM-dd} for the active file
12:29:36,625 |-INFO in c.q.l.core.rolling.DefaultTimeBasedFileNamingAndTriggeringPolicy - The date pattern is 'yyyy-MM-dd' from file name pattern 'src/main/resources/logs/application.%d{yyyy-MM-dd}.gz'.
12:29:36,625 |-INFO in c.q.l.core.rolling.DefaultTimeBasedFileNamingAndTriggeringPolicy - Roll-over at midnight.
12:29:36,627 |-INFO in c.q.l.core.rolling.DefaultTimeBasedFileNamingAndTriggeringPolicy - Setting initial period to 2023-12-21T11:29:14.815Z
12:29:36,633 |-INFO in ch.qos.logback.core.rolling.RollingFileAppender[FILE] - Active log file name: src/main/resources/logs/application.log
12:29:36,633 |-INFO in ch.qos.logback.core.rolling.RollingFileAppender[FILE] - File property is set to [src/main/resources/logs/application.log]
12:29:36,636 |-INFO in ch.qos.logback.classic.model.processor.LoggerModelHandler - Setting level of logger [dk.lyngby] to INFO
12:29:36,639 |-INFO in ch.qos.logback.classic.model.processor.LoggerModelHandler - Setting additivity of logger [dk.lyngby] to false
12:29:36,640 |-INFO in ch.qos.logback.core.model.processor.AppenderRefModelHandler - Attaching appender named [CONSOLE] to Logger[dk.lyngby]
12:29:36,641 |-INFO in ch.qos.logback.core.model.processor.AppenderRefModelHandler - Attaching appender named [FILE] to Logger[dk.lyngby]
12:29:36,641 |-INFO in ch.qos.logback.classic.model.processor.RootLoggerModelHandler - Setting level of ROOT logger to INFO
12:29:36,641 |-INFO in ch.qos.logback.core.model.processor.AppenderRefModelHandler - Attaching appender named [CONSOLE] to Logger[ROOT]
12:29:36,641 |-INFO in ch.qos.logback.core.model.processor.DefaultProcessor@7d3d101b - End of configuration.
12:29:36,643 |-INFO in ch.qos.logback.classic.joran.JoranConfigurator@30c8681 - Registering current configuration as safe fallback point

2023-12-21 12:29:36,801 [main] &amp#27;[34mINFO &amp#27;[0;39m &amp#27;[36morg.hibernate.Version&amp#27;[0;39m - &amp#27;[32mHHH000412: Hibernate ORM core version 6.2.4.Final
&amp#27;[0;39m2023-12-21 12:29:36,812 [main] &amp#27;[34mINFO &amp#27;[0;39m &amp#27;[36morg.hibernate.cfg.Environment&amp#27;[0;39m - &amp#27;[32mHHH000406: Using bytecode reflection optimizer
&amp#27;[0;39mHibernate Java Config serviceRegistry created
2023-12-21 12:29:37,464 [main] &amp#27;[34mINFO &amp#27;[0;39m &amp#27;[36mcom.zaxxer.hikari.HikariDataSource&amp#27;[0;39m - &amp#27;[32mHikariPool-1 - Starting...
&amp#27;[0;39m2023-12-21 12:29:37,609 [main] &amp#27;[34mINFO &amp#27;[0;39m &amp#27;[36mo.t.utility.ImageNameSubstitutor&amp#27;[0;39m - &amp#27;[32mImage name substitution will be performed by: DefaultImageNameSubstitutor (composite of 'ConfigurationFileImageNameSubstitutor' and 'PrefixingImageNameSubstitutor')
&amp#27;[0;39m2023-12-21 12:29:38,127 [main] &amp#27;[34mINFO &amp#27;[0;39m &amp#27;[36mo.t.d.DockerClientProviderStrategy&amp#27;[0;39m - &amp#27;[32mLoaded org.testcontainers.dockerclient.NpipeSocketClientProviderStrategy from ~/.testcontainers.properties, will try it first
&amp#27;[0;39m2023-12-21 12:29:38,888 [main] &amp#27;[34mINFO &amp#27;[0;39m &amp#27;[36mo.t.d.DockerClientProviderStrategy&amp#27;[0;39m - &amp#27;[32mFound Docker environment with local Npipe socket (npipe:////./pipe/docker_engine)
&amp#27;[0;39m2023-12-21 12:29:38,891 [main] &amp#27;[34mINFO &amp#27;[0;39m &amp#27;[36mo.testcontainers.DockerClientFactory&amp#27;[0;39m - &amp#27;[32mDocker host IP address is localhost
&amp#27;[0;39m2023-12-21 12:29:38,931 [main] &amp#27;[34mINFO &amp#27;[0;39m &amp#27;[36mo.testcontainers.DockerClientFactory&amp#27;[0;39m - &amp#27;[32mConnected to docker: 
  Server Version: 24.0.6
  API Version: 1.43
  Operating System: Docker Desktop
  Total Memory: 3651 MB
&amp#27;[0;39m2023-12-21 12:29:38,980 [main] &amp#27;[34mINFO &amp#27;[0;39m &amp#27;[36mtc.testcontainers/ryuk:0.4.0&amp#27;[0;39m - &amp#27;[32mCreating container for image: testcontainers/ryuk:0.4.0
&amp#27;[0;39m2023-12-21 12:29:39,352 [main] &amp#27;[34mINFO &amp#27;[0;39m &amp#27;[36mo.t.utility.RegistryAuthLocator&amp#27;[0;39m - &amp#27;[32mCredential helper/store (docker-credential-desktop) does not have credentials for https://index.docker.io/v1/
&amp#27;[0;39m2023-12-21 12:29:39,618 [main] &amp#27;[34mINFO &amp#27;[0;39m &amp#27;[36mtc.testcontainers/ryuk:0.4.0&amp#27;[0;39m - &amp#27;[32mContainer testcontainers/ryuk:0.4.0 is starting: 1fc347455aa18080d9c3bed596ba6f9c5fe02b171b623d077e08e34140759d6f
&amp#27;[0;39m2023-12-21 12:29:40,661 [main] &amp#27;[34mINFO &amp#27;[0;39m &amp#27;[36mtc.testcontainers/ryuk:0.4.0&amp#27;[0;39m - &amp#27;[32mContainer testcontainers/ryuk:0.4.0 started in PT1.70988S
&amp#27;[0;39m2023-12-21 12:29:40,672 [main] &amp#27;[34mINFO &amp#27;[0;39m &amp#27;[36mo.t.utility.RyukResourceReaper&amp#27;[0;39m - &amp#27;[32mRyuk started - will monitor and terminate Testcontainers containers on JVM exit
&amp#27;[0;39m2023-12-21 12:29:40,673 [main] &amp#27;[34mINFO &amp#27;[0;39m &amp#27;[36mo.testcontainers.DockerClientFactory&amp#27;[0;39m - &amp#27;[32mChecking the system...
&amp#27;[0;39m2023-12-21 12:29:40,674 [main] &amp#27;[34mINFO &amp#27;[0;39m &amp#27;[36mo.testcontainers.DockerClientFactory&amp#27;[0;39m - &amp#27;[32m?? Docker server version should be at least 1.6.0
&amp#27;[0;39m2023-12-21 12:29:40,676 [main] &amp#27;[34mINFO &amp#27;[0;39m &amp#27;[36mtc.postgres:15.3-alpine3.18&amp#27;[0;39m - &amp#27;[32mCreating container for image: postgres:15.3-alpine3.18
&amp#27;[0;39m2023-12-21 12:29:40,787 [main] &amp#27;[34mINFO &amp#27;[0;39m &amp#27;[36mtc.postgres:15.3-alpine3.18&amp#27;[0;39m - &amp#27;[32mContainer postgres:15.3-alpine3.18 is starting: bf3abdb5e074ad04d03e485ae02bdc7f8861818643c0672e8069ea98352682c1
&amp#27;[0;39m2023-12-21 12:29:45,321 [main] &amp#27;[34mINFO &amp#27;[0;39m &amp#27;[36mtc.postgres:15.3-alpine3.18&amp#27;[0;39m - &amp#27;[32mContainer postgres:15.3-alpine3.18 started in PT4.6456198S
&amp#27;[0;39m2023-12-21 12:29:45,324 [main] &amp#27;[34mINFO &amp#27;[0;39m &amp#27;[36mtc.postgres:15.3-alpine3.18&amp#27;[0;39m - &amp#27;[32mContainer is started (JDBC URL: jdbc:postgresql://localhost:55180/test?loggerLevel=OFF)
&amp#27;[0;39m2023-12-21 12:29:45,801 [main] &amp#27;[34mINFO &amp#27;[0;39m &amp#27;[36mcom.zaxxer.hikari.pool.HikariPool&amp#27;[0;39m - &amp#27;[32mHikariPool-1 - Added connection org.testcontainers.jdbc.ConnectionWrapper@3d64c581
&amp#27;[0;39m2023-12-21 12:29:45,805 [main] &amp#27;[34mINFO &amp#27;[0;39m &amp#27;[36mcom.zaxxer.hikari.HikariDataSource&amp#27;[0;39m - &amp#27;[32mHikariPool-1 - Start completed.
&amp#27;[0;39m2023-12-21 12:29:47,095 [main] &amp#27;[34mINFO &amp#27;[0;39m &amp#27;[36mo.h.b.i.BytecodeProviderInitiator&amp#27;[0;39m - &amp#27;[32mHHH000021: Bytecode provider name : bytebuddy
&amp#27;[0;39m2023-12-21 12:29:49,310 [main] &amp#27;[34mINFO &amp#27;[0;39m &amp#27;[36mo.h.e.t.j.p.i.JtaPlatformInitiator&amp#27;[0;39m - &amp#27;[32mHHH000490: Using JtaPlatform implementation: [org.hibernate.engine.transaction.jta.platform.internal.NoJtaPlatform]
&amp#27;[0;39mHibernate: alter table if exists room drop constraint if exists FKdosq3ww4h9m2osim6o0lugng8
2023-12-21 12:29:50,407 [main] &amp#27;[31mWARN &amp#27;[0;39m &amp#27;[36mo.h.e.jdbc.spi.SqlExceptionHelper&amp#27;[0;39m - &amp#27;[32mSQL Warning Code: 0, SQLState: 00000
&amp#27;[0;39m2023-12-21 12:29:50,407 [main] &amp#27;[31mWARN &amp#27;[0;39m &amp#27;[36mo.h.e.jdbc.spi.SqlExceptionHelper&amp#27;[0;39m - &amp#27;[32mrelation "room" does not exist, skipping
&amp#27;[0;39mHibernate: alter table if exists user_roles drop constraint if exists FKdcdh0gl1mdce42vy0klyio6fi
2023-12-21 12:29:50,412 [main] &amp#27;[31mWARN &amp#27;[0;39m &amp#27;[36mo.h.e.jdbc.spi.SqlExceptionHelper&amp#27;[0;39m - &amp#27;[32mSQL Warning Code: 0, SQLState: 00000
&amp#27;[0;39m2023-12-21 12:29:50,412 [main] &amp#27;[31mWARN &amp#27;[0;39m &amp#27;[36mo.h.e.jdbc.spi.SqlExceptionHelper&amp#27;[0;39m - &amp#27;[32mrelation "user_roles" does not exist, skipping
&amp#27;[0;39mHibernate: alter table if exists user_roles drop constraint if exists FKscvbq0n9bo03s7w6ujfyrtg4a
2023-12-21 12:29:50,415 [main] &amp#27;[31mWARN &amp#27;[0;39m &amp#27;[36mo.h.e.jdbc.spi.SqlExceptionHelper&amp#27;[0;39m - &amp#27;[32mSQL Warning Code: 0, SQLState: 00000
&amp#27;[0;39m2023-12-21 12:29:50,416 [main] &amp#27;[31mWARN &amp#27;[0;39m &amp#27;[36mo.h.e.jdbc.spi.SqlExceptionHelper&amp#27;[0;39m - &amp#27;[32mrelation "user_roles" does not exist, skipping
&amp#27;[0;39mHibernate: drop table if exists hotel cascade
2023-12-21 12:29:50,419 [main] &amp#27;[31mWARN &amp#27;[0;39m &amp#27;[36mo.h.e.jdbc.spi.SqlExceptionHelper&amp#27;[0;39m - &amp#27;[32mSQL Warning Code: 0, SQLState: 00000
&amp#27;[0;39m2023-12-21 12:29:50,420 [main] &amp#27;[31mWARN &amp#27;[0;39m &amp#27;[36mo.h.e.jdbc.spi.SqlExceptionHelper&amp#27;[0;39m - &amp#27;[32mtable "hotel" does not exist, skipping
&amp#27;[0;39mHibernate: drop table if exists jewelry cascade
2023-12-21 12:29:50,424 [main] &amp#27;[31mWARN &amp#27;[0;39m &amp#27;[36mo.h.e.jdbc.spi.SqlExceptionHelper&amp#27;[0;39m - &amp#27;[32mSQL Warning Code: 0, SQLState: 00000
&amp#27;[0;39m2023-12-21 12:29:50,424 [main] &amp#27;[31mWARN &amp#27;[0;39m &amp#27;[36mo.h.e.jdbc.spi.SqlExceptionHelper&amp#27;[0;39m - &amp#27;[32mtable "jewelry" does not exist, skipping
&amp#27;[0;39mHibernate: drop table if exists roles cascade
2023-12-21 12:29:50,428 [main] &amp#27;[31mWARN &amp#27;[0;39m &amp#27;[36mo.h.e.jdbc.spi.SqlExceptionHelper&amp#27;[0;39m - &amp#27;[32mSQL Warning Code: 0, SQLState: 00000
&amp#27;[0;39m2023-12-21 12:29:50,429 [main] &amp#27;[31mWARN &amp#27;[0;39m &amp#27;[36mo.h.e.jdbc.spi.SqlExceptionHelper&amp#27;[0;39m - &amp#27;[32mtable "roles" does not exist, skipping
&amp#27;[0;39mHibernate: drop table if exists room cascade
2023-12-21 12:29:50,432 [main] &amp#27;[31mWARN &amp#27;[0;39m &amp#27;[36mo.h.e.jdbc.spi.SqlExceptionHelper&amp#27;[0;39m - &amp#27;[32mSQL Warning Code: 0, SQLState: 00000
&amp#27;[0;39m2023-12-21 12:29:50,433 [main] &amp#27;[31mWARN &amp#27;[0;39m &amp#27;[36mo.h.e.jdbc.spi.SqlExceptionHelper&amp#27;[0;39m - &amp#27;[32mtable "room" does not exist, skipping
&amp#27;[0;39mHibernate: drop table if exists user_roles cascade
2023-12-21 12:29:50,436 [main] &amp#27;[31mWARN &amp#27;[0;39m &amp#27;[36mo.h.e.jdbc.spi.SqlExceptionHelper&amp#27;[0;39m - &amp#27;[32mSQL Warning Code: 0, SQLState: 00000
&amp#27;[0;39m2023-12-21 12:29:50,436 [main] &amp#27;[31mWARN &amp#27;[0;39m &amp#27;[36mo.h.e.jdbc.spi.SqlExceptionHelper&amp#27;[0;39m - &amp#27;[32mtable "user_roles" does not exist, skipping
&amp#27;[0;39mHibernate: drop table if exists users cascade
2023-12-21 12:29:50,439 [main] &amp#27;[31mWARN &amp#27;[0;39m &amp#27;[36mo.h.e.jdbc.spi.SqlExceptionHelper&amp#27;[0;39m - &amp#27;[32mSQL Warning Code: 0, SQLState: 00000
&amp#27;[0;39m2023-12-21 12:29:50,440 [main] &amp#27;[31mWARN &amp#27;[0;39m &amp#27;[36mo.h.e.jdbc.spi.SqlExceptionHelper&amp#27;[0;39m - &amp#27;[32mtable "users" does not exist, skipping
&amp#27;[0;39mHibernate: create table hotel (hotel_id serial not null, hotel_address varchar(255) not null, hotel_name varchar(255) not null unique, hotel_type varchar(255) not null check (hotel_type in ('BUDGET','STANDARD','LUXURY')), primary key (hotel_id))
Hibernate: create table jewelry (id serial not null, price integer not null, image varchar(255), name varchar(255), style varchar(255), type varchar(255), primary key (id))
Hibernate: create table roles (role_name varchar(20) not null, primary key (role_name))
Hibernate: create table room (hotel_id integer not null, price numeric(38,2) not null, room_id serial not null, room_number integer not null, room_type varchar(255) not null check (room_type in ('SINGLE','DOUBLE','SUITE')), primary key (room_id))
Hibernate: create table user_roles (role_name varchar(20) not null, user_name varchar(25) not null, primary key (role_name, user_name))
Hibernate: create table users (user_name varchar(25) not null, user_password varchar(255) not null, primary key (user_name))
Hibernate: alter table if exists room add constraint FKdosq3ww4h9m2osim6o0lugng8 foreign key (hotel_id) references hotel
Hibernate: alter table if exists user_roles add constraint FKdcdh0gl1mdce42vy0klyio6fi foreign key (role_name) references roles
Hibernate: alter table if exists user_roles add constraint FKscvbq0n9bo03s7w6ujfyrtg4a foreign key (user_name) references users
2023-12-21 12:29:51,501 [main] &amp#27;[34mINFO &amp#27;[0;39m &amp#27;[36mio.javalin.Javalin&amp#27;[0;39m - &amp#27;[32mStarting Javalin ...
&amp#27;[0;39m2023-12-21 12:29:51,867 [main] &amp#27;[34mINFO &amp#27;[0;39m &amp#27;[36morg.eclipse.jetty.server.Server&amp#27;[0;39m - &amp#27;[32mjetty-11.0.15; built: 2023-04-11T18:37:53.775Z; git: 5bc5e562c8d05c5862505aebe5cf83a61bdbcb96; jvm 17.0.9+8-LTS
&amp#27;[0;39m2023-12-21 12:29:51,999 [main] &amp#27;[34mINFO &amp#27;[0;39m &amp#27;[36mo.e.j.s.s.DefaultSessionIdManager&amp#27;[0;39m - &amp#27;[32mSession workerName=node0
&amp#27;[0;39m2023-12-21 12:29:52,021 [main] &amp#27;[34mINFO &amp#27;[0;39m &amp#27;[36mo.e.j.server.handler.ContextHandler&amp#27;[0;39m - &amp#27;[32mStarted i.j.j.@a1d926b{/api/v1,null,AVAILABLE}
&amp#27;[0;39m2023-12-21 12:29:52,108 [main] &amp#27;[34mINFO &amp#27;[0;39m &amp#27;[36mo.e.jetty.server.AbstractConnector&amp#27;[0;39m - &amp#27;[32mStarted ServerConnector@ea84346{HTTP/1.1, (http/1.1)}{0.0.0.0:7777}
&amp#27;[0;39m2023-12-21 12:29:52,114 [main] &amp#27;[34mINFO &amp#27;[0;39m &amp#27;[36morg.eclipse.jetty.server.Server&amp#27;[0;39m - &amp#27;[32mStarted Server@c683cf5{STARTING}[11.0.15,sto=0] @17248ms
&amp#27;[0;39m2023-12-21 12:29:52,114 [main] &amp#27;[34mINFO &amp#27;[0;39m &amp#27;[36mio.javalin.Javalin&amp#27;[0;39m - &amp#27;[32m
       __                  ___          ______
      / /___ __   ______ _/ (_)___     / ____/
 __  / / __ `/ | / / __ `/ / / __ \   /___ \
/ /_/ / /_/ /| |/ / /_/ / / / / / /  ____/ /
\____/\__,_/ |___/\__,_/_/_/_/ /_/  /_____/

       https://javalin.io/documentation

&amp#27;[0;39m2023-12-21 12:29:52,124 [main] &amp#27;[34mINFO &amp#27;[0;39m &amp#27;[36mio.javalin.Javalin&amp#27;[0;39m - &amp#27;[32mListening on http://localhost:7777/api/v1
&amp#27;[0;39m2023-12-21 12:29:52,151 [main] &amp#27;[34mINFO &amp#27;[0;39m &amp#27;[36mio.javalin.Javalin&amp#27;[0;39m - &amp#27;[32mYou are running Javalin 5.6.1 (released June 22, 2023. Your Javalin version is 181 days old. Consider checking for a newer version.).
&amp#27;[0;39m2023-12-21 12:29:52,152 [main] &amp#27;[34mINFO &amp#27;[0;39m &amp#27;[36mio.javalin.Javalin&amp#27;[0;39m - &amp#27;[32mJavalin started in 655ms \o/
&amp#27;[0;39mHibernate: insert into roles (role_name) values (?)
Hibernate: insert into roles (role_name) values (?)
Hibernate: insert into users (user_password,user_name) values (?,?)
Hibernate: insert into users (user_password,user_name) values (?,?)
Hibernate: insert into user_roles (user_name,role_name) values (?,?)
Hibernate: insert into user_roles (user_name,role_name) values (?,?)
Hibernate: select u1_0.user_name,r1_0.user_name,r1_1.role_name,u1_0.user_password from users u1_0 left join (user_roles r1_0 join roles r1_1 on r1_1.role_name=r1_0.role_name) on u1_0.user_name=r1_0.user_name where u1_0.user_name=?
2023-12-21 12:29:55,630 [JettyServerThreadPool-62] &amp#27;[34mINFO &amp#27;[0;39m &amp#27;[36mdk.lyngby.routes.Routes&amp#27;[0;39m - &amp#27;[32m Request 0 - POST /api/v1/auth/login was handled with status code 200 OK
&amp#27;[0;39mHibernate: select u1_0.user_name,r1_0.user_name,r1_1.role_name,u1_0.user_password from users u1_0 left join (user_roles r1_0 join roles r1_1 on r1_1.role_name=r1_0.role_name) on u1_0.user_name=r1_0.user_name where u1_0.user_name=?
2023-12-21 12:29:57,029 [JettyServerThreadPool-51] &amp#27;[34mINFO &amp#27;[0;39m &amp#27;[36mdk.lyngby.routes.Routes&amp#27;[0;39m - &amp#27;[32m Request 1 - POST /api/v1/auth/login was handled with status code 200 OK
&amp#27;[0;39mHibernate: delete from room
Hibernate: delete from hotel
Hibernate: ALTER SEQUENCE room_room_id_seq RESTART WITH 1
Hibernate: ALTER SEQUENCE hotel_hotel_id_seq RESTART WITH 1
Hibernate: insert into hotel (hotel_address,hotel_name,hotel_type) values (?,?,?)
Hibernate: insert into room (hotel_id,room_number,price,room_type) values (?,?,?,?)
Hibernate: insert into room (hotel_id,room_number,price,room_type) values (?,?,?,?)
Hibernate: insert into room (hotel_id,room_number,price,room_type) values (?,?,?,?)
Hibernate: insert into room (hotel_id,room_number,price,room_type) values (?,?,?,?)
Hibernate: insert into room (hotel_id,room_number,price,room_type) values (?,?,?,?)
Hibernate: insert into room (hotel_id,room_number,price,room_type) values (?,?,?,?)
Hibernate: insert into hotel (hotel_address,hotel_name,hotel_type) values (?,?,?)
Hibernate: insert into room (hotel_id,room_number,price,room_type) values (?,?,?,?)
Hibernate: insert into room (hotel_id,room_number,price,room_type) values (?,?,?,?)
Hibernate: insert into room (hotel_id,room_number,price,room_type) values (?,?,?,?)
Hibernate: insert into room (hotel_id,room_number,price,room_type) values (?,?,?,?)
Hibernate: insert into room (hotel_id,room_number,price,room_type) values (?,?,?,?)
Hibernate: insert into room (hotel_id,room_number,price,room_type) values (?,?,?,?)
Hibernate: insert into hotel (hotel_address,hotel_name,hotel_type) values (?,?,?)
Hibernate: insert into room (hotel_id,room_number,price,room_type) values (?,?,?,?)
Hibernate: insert into room (hotel_id,room_number,price,room_type) values (?,?,?,?)
2023-12-21 12:29:58,938 [JettyServerThreadPool-52] &amp#27;[34mINFO &amp#27;[0;39m &amp#27;[36mdk.lyngby.routes.Routes&amp#27;[0;39m - &amp#27;[32m Request 2 - POST /api/v1/hotels was handled with status code 201 Created
&amp#27;[0;39m]]></system-out>
  </testcase>
  <testcase name="delete" classname="dk.lyngby.controller.impl.HotelControllerTest" time="0.549">
    <system-out><![CDATA[Hibernate: delete from room
Hibernate: delete from hotel
Hibernate: ALTER SEQUENCE room_room_id_seq RESTART WITH 1
Hibernate: ALTER SEQUENCE hotel_hotel_id_seq RESTART WITH 1
Hibernate: insert into hotel (hotel_address,hotel_name,hotel_type) values (?,?,?)
Hibernate: insert into room (hotel_id,room_number,price,room_type) values (?,?,?,?)
Hibernate: insert into room (hotel_id,room_number,price,room_type) values (?,?,?,?)
Hibernate: insert into room (hotel_id,room_number,price,room_type) values (?,?,?,?)
Hibernate: insert into room (hotel_id,room_number,price,room_type) values (?,?,?,?)
Hibernate: insert into room (hotel_id,room_number,price,room_type) values (?,?,?,?)
Hibernate: insert into room (hotel_id,room_number,price,room_type) values (?,?,?,?)
Hibernate: insert into hotel (hotel_address,hotel_name,hotel_type) values (?,?,?)
Hibernate: insert into room (hotel_id,room_number,price,room_type) values (?,?,?,?)
Hibernate: insert into room (hotel_id,room_number,price,room_type) values (?,?,?,?)
Hibernate: insert into room (hotel_id,room_number,price,room_type) values (?,?,?,?)
Hibernate: insert into room (hotel_id,room_number,price,room_type) values (?,?,?,?)
Hibernate: insert into room (hotel_id,room_number,price,room_type) values (?,?,?,?)
Hibernate: insert into room (hotel_id,room_number,price,room_type) values (?,?,?,?)
Hibernate: select h1_0.hotel_id,h1_0.hotel_address,h1_0.hotel_name,h1_0.hotel_type,r1_0.hotel_id,r1_0.room_id,r1_0.room_number,r1_0.price,r1_0.room_type from hotel h1_0 left join room r1_0 on h1_0.hotel_id=r1_0.hotel_id where h1_0.hotel_id=?
Hibernate: select h1_0.hotel_id,h1_0.hotel_address,h1_0.hotel_name,h1_0.hotel_type,r1_0.hotel_id,r1_0.room_id,r1_0.room_number,r1_0.price,r1_0.room_type from hotel h1_0 left join room r1_0 on h1_0.hotel_id=r1_0.hotel_id where h1_0.hotel_id=?
Hibernate: delete from room where room_id=?
Hibernate: delete from room where room_id=?
Hibernate: delete from room where room_id=?
Hibernate: delete from room where room_id=?
Hibernate: delete from room where room_id=?
Hibernate: delete from room where room_id=?
Hibernate: delete from hotel where hotel_id=?
2023-12-21 12:29:59,391 [JettyServerThreadPool-53] &amp#27;[34mINFO &amp#27;[0;39m &amp#27;[36mdk.lyngby.routes.Routes&amp#27;[0;39m - &amp#27;[32m Request 3 - DELETE /api/v1/hotels/1 was handled with status code 204 No Content
&amp#27;[0;39mHibernate: select h1_0.hotel_id,h1_0.hotel_address,h1_0.hotel_name,h1_0.hotel_type,r1_0.hotel_id,r1_0.room_id,r1_0.room_number,r1_0.price,r1_0.room_type from hotel h1_0 left join room r1_0 on h1_0.hotel_id=r1_0.hotel_id where h1_0.hotel_id=?
2023-12-21 12:29:59,424 [JettyServerThreadPool-54] &amp#27;[1;31mERROR&amp#27;[0;39m &amp#27;[36mdk.lyngby.routes.Routes&amp#27;[0;39m - &amp#27;[32mGET /api/v1/hotels/1 200 
&amp#27;[0;39m2023-12-21 12:29:59,746 [JettyServerThreadPool-54] &amp#27;[34mINFO &amp#27;[0;39m &amp#27;[36mdk.lyngby.routes.Routes&amp#27;[0;39m - &amp#27;[32m Request 4 - GET /api/v1/hotels/1 was handled with status code 404 Not Found
&amp#27;[0;39m]]></system-out>
  </testcase>
  <testcase name="update" classname="dk.lyngby.controller.impl.HotelControllerTest" time="0.323">
    <system-out><![CDATA[Hibernate: delete from room
Hibernate: delete from hotel
Hibernate: ALTER SEQUENCE room_room_id_seq RESTART WITH 1
Hibernate: ALTER SEQUENCE hotel_hotel_id_seq RESTART WITH 1
Hibernate: insert into hotel (hotel_address,hotel_name,hotel_type) values (?,?,?)
Hibernate: insert into room (hotel_id,room_number,price,room_type) values (?,?,?,?)
Hibernate: insert into room (hotel_id,room_number,price,room_type) values (?,?,?,?)
Hibernate: insert into room (hotel_id,room_number,price,room_type) values (?,?,?,?)
Hibernate: insert into room (hotel_id,room_number,price,room_type) values (?,?,?,?)
Hibernate: insert into room (hotel_id,room_number,price,room_type) values (?,?,?,?)
Hibernate: insert into room (hotel_id,room_number,price,room_type) values (?,?,?,?)
Hibernate: insert into hotel (hotel_address,hotel_name,hotel_type) values (?,?,?)
Hibernate: insert into room (hotel_id,room_number,price,room_type) values (?,?,?,?)
Hibernate: insert into room (hotel_id,room_number,price,room_type) values (?,?,?,?)
Hibernate: insert into room (hotel_id,room_number,price,room_type) values (?,?,?,?)
Hibernate: insert into room (hotel_id,room_number,price,room_type) values (?,?,?,?)
Hibernate: insert into room (hotel_id,room_number,price,room_type) values (?,?,?,?)
Hibernate: insert into room (hotel_id,room_number,price,room_type) values (?,?,?,?)
Request method:	PUT
Request URI:	http://localhost:7777/api/v1/hotels/2
Proxy:			<none>
Request params:	<none>
Query params:	<none>
Form params:	<none>
Path params:	<none>
Headers:		Authorization=Bearer eyJhbGciOiJIUzI1NiJ9.eyJpc3MiOiJjcGhidXNpbmVzcy5kayIsInN1YiI6ImFkbWludGVzdCIsImV4cCI6MTcwMzE2MTc5NSwicm9sZXMiOiJhZG1pbiIsInVzZXJuYW1lIjoiYWRtaW50ZXN0In0.5dpx7TXIn9YE_jVHqL185C64m0D251gUoe7_qJBauvw
				Accept=*/*
				Content-Type=application/json
Cookies:		<none>
Multiparts:		<none>
Body:
{
    "id": null,
    "hotelName": "Bates Motel",
    "hotelAddress": "Lyngby",
    "hotelType": "LUXURY",
    "rooms": [
        
    ]
}
Hibernate: select h1_0.hotel_id,h1_0.hotel_address,h1_0.hotel_name,h1_0.hotel_type,r1_0.hotel_id,r1_0.room_id,r1_0.room_number,r1_0.price,r1_0.room_type from hotel h1_0 left join room r1_0 on h1_0.hotel_id=r1_0.hotel_id where h1_0.hotel_id=?
Hibernate: select h1_0.hotel_id,h1_0.hotel_address,h1_0.hotel_name,h1_0.hotel_type,r1_0.hotel_id,r1_0.room_id,r1_0.room_number,r1_0.price,r1_0.room_type from hotel h1_0 left join room r1_0 on h1_0.hotel_id=r1_0.hotel_id where h1_0.hotel_id=?
Hibernate: update hotel set hotel_address=?,hotel_name=?,hotel_type=? where hotel_id=?
2023-12-21 12:29:59,959 [JettyServerThreadPool-49] &amp#27;[34mINFO &amp#27;[0;39m &amp#27;[36mdk.lyngby.routes.Routes&amp#27;[0;39m - &amp#27;[32m Request 5 - PUT /api/v1/hotels/2 was handled with status code 200 OK
&amp#27;[0;39m]]></system-out>
  </testcase>
  <testcase name="read" classname="dk.lyngby.controller.impl.HotelControllerTest" time="0.153">
    <system-out><![CDATA[Hibernate: delete from room
Hibernate: delete from hotel
Hibernate: ALTER SEQUENCE room_room_id_seq RESTART WITH 1
Hibernate: ALTER SEQUENCE hotel_hotel_id_seq RESTART WITH 1
Hibernate: insert into hotel (hotel_address,hotel_name,hotel_type) values (?,?,?)
Hibernate: insert into room (hotel_id,room_number,price,room_type) values (?,?,?,?)
Hibernate: insert into room (hotel_id,room_number,price,room_type) values (?,?,?,?)
Hibernate: insert into room (hotel_id,room_number,price,room_type) values (?,?,?,?)
Hibernate: insert into room (hotel_id,room_number,price,room_type) values (?,?,?,?)
Hibernate: insert into room (hotel_id,room_number,price,room_type) values (?,?,?,?)
Hibernate: insert into room (hotel_id,room_number,price,room_type) values (?,?,?,?)
Hibernate: insert into hotel (hotel_address,hotel_name,hotel_type) values (?,?,?)
Hibernate: insert into room (hotel_id,room_number,price,room_type) values (?,?,?,?)
Hibernate: insert into room (hotel_id,room_number,price,room_type) values (?,?,?,?)
Hibernate: insert into room (hotel_id,room_number,price,room_type) values (?,?,?,?)
Hibernate: insert into room (hotel_id,room_number,price,room_type) values (?,?,?,?)
Hibernate: insert into room (hotel_id,room_number,price,room_type) values (?,?,?,?)
Hibernate: insert into room (hotel_id,room_number,price,room_type) values (?,?,?,?)
Hibernate: select h1_0.hotel_id,h1_0.hotel_address,h1_0.hotel_name,h1_0.hotel_type,r1_0.hotel_id,r1_0.room_id,r1_0.room_number,r1_0.price,r1_0.room_type from hotel h1_0 left join room r1_0 on h1_0.hotel_id=r1_0.hotel_id where h1_0.hotel_id=?
Hibernate: select h1_0.hotel_id,h1_0.hotel_address,h1_0.hotel_name,h1_0.hotel_type,r1_0.hotel_id,r1_0.room_id,r1_0.room_number,r1_0.price,r1_0.room_type from hotel h1_0 left join room r1_0 on h1_0.hotel_id=r1_0.hotel_id where h1_0.hotel_id=?
2023-12-21 12:30:00,197 [JettyServerThreadPool-50] &amp#27;[34mINFO &amp#27;[0;39m &amp#27;[36mdk.lyngby.routes.Routes&amp#27;[0;39m - &amp#27;[32m Request 6 - GET /api/v1/hotels/1 was handled with status code 200 OK
&amp#27;[0;39m]]></system-out>
  </testcase>
  <testcase name="readAll" classname="dk.lyngby.controller.impl.HotelControllerTest" time="0.323">
    <system-out><![CDATA[Hibernate: delete from room
Hibernate: delete from hotel
Hibernate: ALTER SEQUENCE room_room_id_seq RESTART WITH 1
Hibernate: ALTER SEQUENCE hotel_hotel_id_seq RESTART WITH 1
Hibernate: insert into hotel (hotel_address,hotel_name,hotel_type) values (?,?,?)
Hibernate: insert into room (hotel_id,room_number,price,room_type) values (?,?,?,?)
Hibernate: insert into room (hotel_id,room_number,price,room_type) values (?,?,?,?)
Hibernate: insert into room (hotel_id,room_number,price,room_type) values (?,?,?,?)
Hibernate: insert into room (hotel_id,room_number,price,room_type) values (?,?,?,?)
Hibernate: insert into room (hotel_id,room_number,price,room_type) values (?,?,?,?)
Hibernate: insert into room (hotel_id,room_number,price,room_type) values (?,?,?,?)
Hibernate: insert into hotel (hotel_address,hotel_name,hotel_type) values (?,?,?)
Hibernate: insert into room (hotel_id,room_number,price,room_type) values (?,?,?,?)
Hibernate: insert into room (hotel_id,room_number,price,room_type) values (?,?,?,?)
Hibernate: insert into room (hotel_id,room_number,price,room_type) values (?,?,?,?)
Hibernate: insert into room (hotel_id,room_number,price,room_type) values (?,?,?,?)
Hibernate: insert into room (hotel_id,room_number,price,room_type) values (?,?,?,?)
Hibernate: insert into room (hotel_id,room_number,price,room_type) values (?,?,?,?)
Hibernate: select h1_0.hotel_id,h1_0.hotel_address,h1_0.hotel_name,h1_0.hotel_type from hotel h1_0
Hibernate: select r1_0.hotel_id,r1_0.room_id,r1_0.room_number,r1_0.price,r1_0.room_type from room r1_0 where r1_0.hotel_id=?
Hibernate: select r1_0.hotel_id,r1_0.room_id,r1_0.room_number,r1_0.price,r1_0.room_type from room r1_0 where r1_0.hotel_id=?
2023-12-21 12:30:00,516 [JettyServerThreadPool-62] &amp#27;[34mINFO &amp#27;[0;39m &amp#27;[36mdk.lyngby.routes.Routes&amp#27;[0;39m - &amp#27;[32m Request 7 - GET /api/v1/hotels was handled with status code 200 OK
&amp#27;[0;39m]]></system-out>
  </testcase>
</testsuite>